This file contains any messages produced by compilers while
running configure, to aid debugging if configure makes a mistake.

It was created by cudd configure 3.0.0, which was
generated by GNU Autoconf 2.69.  Invocation command line was

  $ ./configure --enable-silent-rules --enable-shared --enable-obj --enable-dddmp

## --------- ##
## Platform. ##
## --------- ##

hostname = DESKTOP-AR2QOR0
uname -m = x86_64
uname -r = 5.10.16.3-microsoft-standard-WSL2
uname -s = Linux
uname -v = #1 SMP Fri Apr 2 22:23:49 UTC 2021

/usr/bin/uname -p = unknown
/bin/uname -X     = unknown

/bin/arch              = unknown
/usr/bin/arch -k       = unknown
/usr/convex/getsysinfo = unknown
/usr/bin/hostinfo      = unknown
/bin/machine           = unknown
/usr/bin/oslevel       = unknown
/bin/universe          = unknown

PATH: /home/winter/.vscode-server/bin/6cba118ac49a1b88332f312a8f67186f7f3c1643/bin
PATH: /usr/local/sbin
PATH: /usr/local/bin
PATH: /usr/sbin
PATH: /usr/bin
PATH: /sbin
PATH: /bin
PATH: /usr/games
PATH: /usr/local/games
PATH: /usr/lib/wsl/lib
PATH: /mnt/c/Program Files (x86)/Common Files/Oracle/Java/javapath
PATH: /mnt/d/NetSarang/Xshell 6/
PATH: /mnt/d/NetSarang/Xftp 6/
PATH: /mnt/c/Program Files/Common Files/Oracle/Java/javapath
PATH: /mnt/c/WINDOWS/system32
PATH: /mnt/c/WINDOWS
PATH: /mnt/c/WINDOWS/System32/Wbem
PATH: /mnt/c/WINDOWS/System32/WindowsPowerShell/v1.0/
PATH: /mnt/c/WINDOWS/System32/OpenSSH/
PATH: /mnt/c/Program Files (x86)/Intel/Intel(R) Management Engine Components/DAL
PATH: /mnt/c/Program Files/Intel/Intel(R) Management Engine Components/DAL
PATH: /mnt/c/Program Files (x86)/HP/HP Performance Advisor
PATH: /mnt/c/Program Files/Java/jdk-15/bin
PATH: /mnt/d/Git/cmd
PATH: /mnt/c/cygwin64/bin
PATH: /mnt/d/Polyspace/R2021a/runtime/win64
PATH: /mnt/d/Polyspace/R2021a/bin
PATH: /mnt/d/Polyspace/R2021a/polyspace/bin
PATH: /mnt/d/texlive/2021/bin/win32
PATH: /mnt/d/Python39/Scripts/
PATH: /mnt/d/Python39/
PATH: /mnt/c/Users/Summer Sue/AppData/Local/Microsoft/WindowsApps
PATH: /mnt/d/Microsoft VS Code/bin


## ----------- ##
## Core tests. ##
## ----------- ##

configure:2709: checking build system type
configure:2723: result: x86_64-pc-linux-gnu
configure:2743: checking host system type
configure:2756: result: x86_64-pc-linux-gnu
configure:2792: checking for a BSD-compatible install
configure:2860: result: /usr/bin/install -c
configure:2871: checking whether build environment is sane
configure:2926: result: yes
configure:3072: checking for a thread-safe mkdir -p
configure:3111: result: /bin/mkdir -p
configure:3118: checking for gawk
configure:3148: result: no
configure:3118: checking for mawk
configure:3134: found /usr/bin/mawk
configure:3145: result: mawk
configure:3156: checking whether make sets $(MAKE)
configure:3178: result: yes
configure:3207: checking whether make supports nested variables
configure:3224: result: yes
configure:3446: checking for gcc
configure:3462: found /usr/bin/gcc
configure:3473: result: gcc
configure:3702: checking for C compiler version
configure:3711: gcc --version >&5
gcc (Debian 10.2.1-6) 10.2.1 20210110
Copyright (C) 2020 Free Software Foundation, Inc.
This is free software; see the source for copying conditions.  There is NO
warranty; not even for MERCHANTABILITY or FITNESS FOR A PARTICULAR PURPOSE.

configure:3722: $? = 0
configure:3711: gcc -v >&5
Using built-in specs.
COLLECT_GCC=gcc
COLLECT_LTO_WRAPPER=/usr/lib/gcc/x86_64-linux-gnu/10/lto-wrapper
OFFLOAD_TARGET_NAMES=nvptx-none:amdgcn-amdhsa:hsa
OFFLOAD_TARGET_DEFAULT=1
Target: x86_64-linux-gnu
Configured with: ../src/configure -v --with-pkgversion='Debian 10.2.1-6' --with-bugurl=file:///usr/share/doc/gcc-10/README.Bugs --enable-languages=c,ada,c++,go,brig,d,fortran,objc,obj-c++,m2 --prefix=/usr --with-gcc-major-version-only --program-suffix=-10 --program-prefix=x86_64-linux-gnu- --enable-shared --enable-linker-build-id --libexecdir=/usr/lib --without-included-gettext --enable-threads=posix --libdir=/usr/lib --enable-nls --enable-bootstrap --enable-clocale=gnu --enable-libstdcxx-debug --enable-libstdcxx-time=yes --with-default-libstdcxx-abi=new --enable-gnu-unique-object --disable-vtable-verify --enable-plugin --enable-default-pie --with-system-zlib --enable-libphobos-checking=release --with-target-system-zlib=auto --enable-objc-gc=auto --enable-multiarch --disable-werror --with-arch-32=i686 --with-abi=m64 --with-multilib-list=m32,m64,mx32 --enable-multilib --with-tune=generic --enable-offload-targets=nvptx-none=/build/gcc-10-Km9U7s/gcc-10-10.2.1/debian/tmp-nvptx/usr,amdgcn-amdhsa=/build/gcc-10-Km9U7s/gcc-10-10.2.1/debian/tmp-gcn/usr,hsa --without-cuda-driver --enable-checking=release --build=x86_64-linux-gnu --host=x86_64-linux-gnu --target=x86_64-linux-gnu --with-build-config=bootstrap-lto-lean --enable-link-mutex
Thread model: posix
Supported LTO compression algorithms: zlib zstd
gcc version 10.2.1 20210110 (Debian 10.2.1-6) 
... rest of stderr output deleted ...
configure:3722: $? = 0
configure:3711: gcc -V >&5
gcc: error: unrecognized command-line option '-V'
gcc: fatal error: no input files
compilation terminated.
configure:3722: $? = 1
configure:3711: gcc -qversion >&5
gcc: error: unrecognized command-line option '-qversion'; did you mean '--version'?
gcc: fatal error: no input files
compilation terminated.
configure:3722: $? = 1
configure:3742: checking whether the C compiler works
configure:3764: gcc -Wall -Wextra -g -O3   conftest.c  >&5
configure:3768: $? = 0
configure:3816: result: yes
configure:3819: checking for C compiler default output file name
configure:3821: result: a.out
configure:3827: checking for suffix of executables
configure:3834: gcc -o conftest -Wall -Wextra -g -O3   conftest.c  >&5
configure:3838: $? = 0
configure:3860: result: 
configure:3882: checking whether we are cross compiling
configure:3890: gcc -o conftest -Wall -Wextra -g -O3   conftest.c  >&5
configure:3894: $? = 0
configure:3901: ./conftest
configure:3905: $? = 0
configure:3920: result: no
configure:3925: checking for suffix of object files
configure:3947: gcc -c -Wall -Wextra -g -O3  conftest.c >&5
configure:3951: $? = 0
configure:3972: result: o
configure:3976: checking whether we are using the GNU C compiler
configure:3995: gcc -c -Wall -Wextra -g -O3  conftest.c >&5
configure:3995: $? = 0
configure:4004: result: yes
configure:4013: checking whether gcc accepts -g
configure:4033: gcc -c -g  conftest.c >&5
configure:4033: $? = 0
configure:4074: result: yes
configure:4091: checking for gcc option to accept ISO C89
configure:4154: gcc  -c -Wall -Wextra -g -O3  conftest.c >&5
configure:4154: $? = 0
configure:4167: result: none needed
configure:4192: checking whether gcc understands -c and -o together
configure:4214: gcc -c conftest.c -o conftest2.o
configure:4217: $? = 0
configure:4214: gcc -c conftest.c -o conftest2.o
configure:4217: $? = 0
configure:4229: result: yes
configure:4249: checking whether make supports the include directive
configure:4264: make -f confmf.GNU && cat confinc.out
this is the am__doit target
configure:4267: $? = 0
configure:4286: result: yes (GNU style)
configure:4311: checking dependency style of gcc
configure:4422: result: gcc3
configure:4495: checking for g++
configure:4511: found /usr/bin/g++
configure:4522: result: g++
configure:4549: checking for C++ compiler version
configure:4558: g++ --version >&5
g++ (Debian 10.2.1-6) 10.2.1 20210110
Copyright (C) 2020 Free Software Foundation, Inc.
This is free software; see the source for copying conditions.  There is NO
warranty; not even for MERCHANTABILITY or FITNESS FOR A PARTICULAR PURPOSE.

configure:4569: $? = 0
configure:4558: g++ -v >&5
Using built-in specs.
COLLECT_GCC=g++
COLLECT_LTO_WRAPPER=/usr/lib/gcc/x86_64-linux-gnu/10/lto-wrapper
OFFLOAD_TARGET_NAMES=nvptx-none:amdgcn-amdhsa:hsa
OFFLOAD_TARGET_DEFAULT=1
Target: x86_64-linux-gnu
Configured with: ../src/configure -v --with-pkgversion='Debian 10.2.1-6' --with-bugurl=file:///usr/share/doc/gcc-10/README.Bugs --enable-languages=c,ada,c++,go,brig,d,fortran,objc,obj-c++,m2 --prefix=/usr --with-gcc-major-version-only --program-suffix=-10 --program-prefix=x86_64-linux-gnu- --enable-shared --enable-linker-build-id --libexecdir=/usr/lib --without-included-gettext --enable-threads=posix --libdir=/usr/lib --enable-nls --enable-bootstrap --enable-clocale=gnu --enable-libstdcxx-debug --enable-libstdcxx-time=yes --with-default-libstdcxx-abi=new --enable-gnu-unique-object --disable-vtable-verify --enable-plugin --enable-default-pie --with-system-zlib --enable-libphobos-checking=release --with-target-system-zlib=auto --enable-objc-gc=auto --enable-multiarch --disable-werror --with-arch-32=i686 --with-abi=m64 --with-multilib-list=m32,m64,mx32 --enable-multilib --with-tune=generic --enable-offload-targets=nvptx-none=/build/gcc-10-Km9U7s/gcc-10-10.2.1/debian/tmp-nvptx/usr,amdgcn-amdhsa=/build/gcc-10-Km9U7s/gcc-10-10.2.1/debian/tmp-gcn/usr,hsa --without-cuda-driver --enable-checking=release --build=x86_64-linux-gnu --host=x86_64-linux-gnu --target=x86_64-linux-gnu --with-build-config=bootstrap-lto-lean --enable-link-mutex
Thread model: posix
Supported LTO compression algorithms: zlib zstd
gcc version 10.2.1 20210110 (Debian 10.2.1-6) 
... rest of stderr output deleted ...
configure:4569: $? = 0
configure:4558: g++ -V >&5
g++: error: unrecognized command-line option '-V'
g++: fatal error: no input files
compilation terminated.
configure:4569: $? = 1
configure:4558: g++ -qversion >&5
g++: error: unrecognized command-line option '-qversion'; did you mean '--version'?
g++: fatal error: no input files
compilation terminated.
configure:4569: $? = 1
configure:4573: checking whether we are using the GNU C++ compiler
configure:4592: g++ -c -Wall -Wextra -std=c++0x -g -O3  conftest.cpp >&5
configure:4592: $? = 0
configure:4601: result: yes
configure:4610: checking whether g++ accepts -g
configure:4630: g++ -c -g  conftest.cpp >&5
configure:4630: $? = 0
configure:4671: result: yes
configure:4696: checking dependency style of g++
configure:4807: result: gcc3
configure:4872: checking for ar
configure:4888: found /usr/bin/ar
configure:4899: result: ar
configure:4925: checking the archiver (ar) interface
configure:4941: gcc -c -Wall -Wextra -g -O3  conftest.c >&5
configure:4941: $? = 0
configure:4943: ar cru libconftest.a conftest.o >&5
ar: `u' modifier ignored since `D' is the default (see `U')
configure:4946: $? = 0
configure:4974: result: ar
configure:5041: checking how to print strings
configure:5068: result: printf
configure:5089: checking for a sed that does not truncate output
configure:5153: result: /bin/sed
configure:5171: checking for grep that handles long lines and -e
configure:5229: result: /bin/grep
configure:5234: checking for egrep
configure:5296: result: /bin/grep -E
configure:5301: checking for fgrep
configure:5363: result: /bin/grep -F
configure:5398: checking for ld used by gcc
configure:5465: result: /usr/bin/ld
configure:5472: checking if the linker (/usr/bin/ld) is GNU ld
configure:5487: result: yes
configure:5499: checking for BSD- or MS-compatible name lister (nm)
configure:5553: result: /usr/bin/nm -B
configure:5683: checking the name lister (/usr/bin/nm -B) interface
configure:5690: gcc -c -Wall -Wextra -g -O3  conftest.c >&5
configure:5693: /usr/bin/nm -B "conftest.o"
configure:5696: output
0000000000000000 B some_variable
configure:5703: result: BSD nm
configure:5706: checking whether ln -s works
configure:5710: result: yes
configure:5718: checking the maximum length of command line arguments
configure:5849: result: 1572864
configure:5897: checking how to convert x86_64-pc-linux-gnu file names to x86_64-pc-linux-gnu format
configure:5937: result: func_convert_file_noop
configure:5944: checking how to convert x86_64-pc-linux-gnu file names to toolchain format
configure:5964: result: func_convert_file_noop
configure:5971: checking for /usr/bin/ld option to reload object files
configure:5978: result: -r
configure:6052: checking for objdump
configure:6068: found /usr/bin/objdump
configure:6079: result: objdump
configure:6108: checking how to recognize dependent libraries
configure:6308: result: pass_all
configure:6393: checking for dlltool
configure:6423: result: no
configure:6450: checking how to associate runtime and link libraries
configure:6477: result: printf %s\n
configure:6601: checking for archiver @FILE support
configure:6618: gcc -c -Wall -Wextra -g -O3  conftest.c >&5
configure:6618: $? = 0
configure:6621: ar cr libconftest.a @conftest.lst >&5
configure:6624: $? = 0
configure:6629: ar cr libconftest.a @conftest.lst >&5
ar: conftest.o: No such file or directory
configure:6632: $? = 1
configure:6644: result: @
configure:6702: checking for strip
configure:6718: found /usr/bin/strip
configure:6729: result: strip
configure:6801: checking for ranlib
configure:6817: found /usr/bin/ranlib
configure:6828: result: ranlib
configure:6930: checking command to parse /usr/bin/nm -B output from gcc object
configure:7083: gcc -c -Wall -Wextra -g -O3  conftest.c >&5
configure:7086: $? = 0
configure:7090: /usr/bin/nm -B conftest.o | sed -n -e 's/^.*[	 ]\([ABCDGIRSTW][ABCDGIRSTW]*\)[	 ][	 ]*\([_A-Za-z][_A-Za-z0-9]*\)$/\1 \2 \2/p' | sed '/ __gnu_lto/d' > conftest.nm
configure:7156: gcc -o conftest -Wall -Wextra -g -O3   conftest.c conftstm.o >&5
configure:7159: $? = 0
configure:7197: result: ok
configure:7244: checking for sysroot
configure:7274: result: no
configure:7281: checking for a working dd
configure:7319: result: /bin/dd
configure:7323: checking how to truncate binary pipes
configure:7338: result: /bin/dd bs=4096 count=1
configure:7474: gcc -c -Wall -Wextra -g -O3  conftest.c >&5
configure:7477: $? = 0
configure:7667: checking for mt
configure:7683: found /bin/mt
configure:7694: result: mt
configure:7717: checking if mt is a manifest tool
configure:7723: mt '-?'
configure:7731: result: no
configure:8408: checking how to run the C preprocessor
configure:8439: gcc -E  conftest.c
configure:8439: $? = 0
configure:8453: gcc -E  conftest.c
conftest.c:11:10: fatal error: ac_nonexistent.h: No such file or directory
   11 | #include <ac_nonexistent.h>
      |          ^~~~~~~~~~~~~~~~~~
compilation terminated.
configure:8453: $? = 1
configure: failed program was:
| /* confdefs.h */
| #define PACKAGE_NAME "cudd"
| #define PACKAGE_TARNAME "cudd"
| #define PACKAGE_VERSION "3.0.0"
| #define PACKAGE_STRING "cudd 3.0.0"
| #define PACKAGE_BUGREPORT "Fabio@Colorado.EDU"
| #define PACKAGE_URL ""
| #define PACKAGE "cudd"
| #define VERSION "3.0.0"
| /* end confdefs.h.  */
| #include <ac_nonexistent.h>
configure:8478: result: gcc -E
configure:8498: gcc -E  conftest.c
configure:8498: $? = 0
configure:8512: gcc -E  conftest.c
conftest.c:11:10: fatal error: ac_nonexistent.h: No such file or directory
   11 | #include <ac_nonexistent.h>
      |          ^~~~~~~~~~~~~~~~~~
compilation terminated.
configure:8512: $? = 1
configure: failed program was:
| /* confdefs.h */
| #define PACKAGE_NAME "cudd"
| #define PACKAGE_TARNAME "cudd"
| #define PACKAGE_VERSION "3.0.0"
| #define PACKAGE_STRING "cudd 3.0.0"
| #define PACKAGE_BUGREPORT "Fabio@Colorado.EDU"
| #define PACKAGE_URL ""
| #define PACKAGE "cudd"
| #define VERSION "3.0.0"
| /* end confdefs.h.  */
| #include <ac_nonexistent.h>
configure:8541: checking for ANSI C header files
configure:8561: gcc -c -Wall -Wextra -g -O3  conftest.c >&5
configure:8561: $? = 0
configure:8634: gcc -o conftest -Wall -Wextra -g -O3   conftest.c  >&5
configure:8634: $? = 0
configure:8634: ./conftest
configure:8634: $? = 0
configure:8645: result: yes
configure:8658: checking for sys/types.h
configure:8658: gcc -c -Wall -Wextra -g -O3  conftest.c >&5
configure:8658: $? = 0
configure:8658: result: yes
configure:8658: checking for sys/stat.h
configure:8658: gcc -c -Wall -Wextra -g -O3  conftest.c >&5
configure:8658: $? = 0
configure:8658: result: yes
configure:8658: checking for stdlib.h
configure:8658: gcc -c -Wall -Wextra -g -O3  conftest.c >&5
configure:8658: $? = 0
configure:8658: result: yes
configure:8658: checking for string.h
configure:8658: gcc -c -Wall -Wextra -g -O3  conftest.c >&5
configure:8658: $? = 0
configure:8658: result: yes
configure:8658: checking for memory.h
configure:8658: gcc -c -Wall -Wextra -g -O3  conftest.c >&5
configure:8658: $? = 0
configure:8658: result: yes
configure:8658: checking for strings.h
configure:8658: gcc -c -Wall -Wextra -g -O3  conftest.c >&5
configure:8658: $? = 0
configure:8658: result: yes
configure:8658: checking for inttypes.h
configure:8658: gcc -c -Wall -Wextra -g -O3  conftest.c >&5
configure:8658: $? = 0
configure:8658: result: yes
configure:8658: checking for stdint.h
configure:8658: gcc -c -Wall -Wextra -g -O3  conftest.c >&5
configure:8658: $? = 0
configure:8658: result: yes
configure:8658: checking for unistd.h
configure:8658: gcc -c -Wall -Wextra -g -O3  conftest.c >&5
configure:8658: $? = 0
configure:8658: result: yes
configure:8672: checking for dlfcn.h
configure:8672: gcc -c -Wall -Wextra -g -O3  conftest.c >&5
configure:8672: $? = 0
configure:8672: result: yes
configure:9236: checking for objdir
configure:9251: result: .libs
configure:9515: checking if gcc supports -fno-rtti -fno-exceptions
configure:9533: gcc -c -Wall -Wextra -g -O3  -fno-rtti -fno-exceptions conftest.c >&5
cc1: warning: command-line option '-fno-rtti' is valid for C++/D/ObjC++ but not for C
configure:9537: $? = 0
configure:9550: result: no
configure:9914: checking for gcc option to produce PIC
configure:9921: result: -fPIC -DPIC
configure:9929: checking if gcc PIC flag -fPIC -DPIC works
configure:9947: gcc -c -Wall -Wextra -g -O3  -fPIC -DPIC -DPIC conftest.c >&5
configure:9951: $? = 0
configure:9964: result: yes
configure:9993: checking if gcc static flag -static works
configure:10021: result: yes
configure:10036: checking if gcc supports -c -o file.o
configure:10057: gcc -c -Wall -Wextra -g -O3  -o out/conftest2.o conftest.c >&5
configure:10061: $? = 0
configure:10083: result: yes
configure:10091: checking if gcc supports -c -o file.o
configure:10138: result: yes
configure:10171: checking whether the gcc linker (/usr/bin/ld -m elf_x86_64) supports shared libraries
configure:11434: result: yes
configure:11471: checking whether -lc should be explicitly linked in
configure:11479: gcc -c -Wall -Wextra -g -O3  conftest.c >&5
configure:11482: $? = 0
configure:11497: gcc -shared  -fPIC -DPIC conftest.o  -v -Wl,-soname -Wl,conftest -o conftest 2\>\&1 \| /bin/grep  -lc  \>/dev/null 2\>\&1
configure:11500: $? = 0
configure:11514: result: no
configure:11674: checking dynamic linker characteristics
configure:12255: gcc -o conftest -Wall -Wextra -g -O3   -Wl,-rpath -Wl,/foo conftest.c  >&5
configure:12255: $? = 0
configure:12504: result: GNU/Linux ld.so
configure:12626: checking how to hardcode library paths into programs
configure:12651: result: immediate
configure:13199: checking whether stripping libraries is possible
configure:13204: result: yes
configure:13239: checking if libtool supports shared libraries
configure:13241: result: yes
configure:13244: checking whether to build shared libraries
configure:13269: result: yes
configure:13272: checking whether to build static libraries
configure:13276: result: yes
configure:13299: checking how to run the C++ preprocessor
configure:13326: g++ -E  conftest.cpp
configure:13326: $? = 0
configure:13340: g++ -E  conftest.cpp
conftest.cpp:23:10: fatal error: ac_nonexistent.h: No such file or directory
   23 | #include <ac_nonexistent.h>
      |          ^~~~~~~~~~~~~~~~~~
compilation terminated.
configure:13340: $? = 1
configure: failed program was:
| /* confdefs.h */
| #define PACKAGE_NAME "cudd"
| #define PACKAGE_TARNAME "cudd"
| #define PACKAGE_VERSION "3.0.0"
| #define PACKAGE_STRING "cudd 3.0.0"
| #define PACKAGE_BUGREPORT "Fabio@Colorado.EDU"
| #define PACKAGE_URL ""
| #define PACKAGE "cudd"
| #define VERSION "3.0.0"
| #define STDC_HEADERS 1
| #define HAVE_SYS_TYPES_H 1
| #define HAVE_SYS_STAT_H 1
| #define HAVE_STDLIB_H 1
| #define HAVE_STRING_H 1
| #define HAVE_MEMORY_H 1
| #define HAVE_STRINGS_H 1
| #define HAVE_INTTYPES_H 1
| #define HAVE_STDINT_H 1
| #define HAVE_UNISTD_H 1
| #define HAVE_DLFCN_H 1
| #define LT_OBJDIR ".libs/"
| /* end confdefs.h.  */
| #include <ac_nonexistent.h>
configure:13365: result: g++ -E
configure:13385: g++ -E  conftest.cpp
configure:13385: $? = 0
configure:13399: g++ -E  conftest.cpp
conftest.cpp:23:10: fatal error: ac_nonexistent.h: No such file or directory
   23 | #include <ac_nonexistent.h>
      |          ^~~~~~~~~~~~~~~~~~
compilation terminated.
configure:13399: $? = 1
configure: failed program was:
| /* confdefs.h */
| #define PACKAGE_NAME "cudd"
| #define PACKAGE_TARNAME "cudd"
| #define PACKAGE_VERSION "3.0.0"
| #define PACKAGE_STRING "cudd 3.0.0"
| #define PACKAGE_BUGREPORT "Fabio@Colorado.EDU"
| #define PACKAGE_URL ""
| #define PACKAGE "cudd"
| #define VERSION "3.0.0"
| #define STDC_HEADERS 1
| #define HAVE_SYS_TYPES_H 1
| #define HAVE_SYS_STAT_H 1
| #define HAVE_STDLIB_H 1
| #define HAVE_STRING_H 1
| #define HAVE_MEMORY_H 1
| #define HAVE_STRINGS_H 1
| #define HAVE_INTTYPES_H 1
| #define HAVE_STDINT_H 1
| #define HAVE_UNISTD_H 1
| #define HAVE_DLFCN_H 1
| #define LT_OBJDIR ".libs/"
| /* end confdefs.h.  */
| #include <ac_nonexistent.h>
configure:13561: checking for ld used by g++
configure:13628: result: /usr/bin/ld -m elf_x86_64
configure:13635: checking if the linker (/usr/bin/ld -m elf_x86_64) is GNU ld
configure:13650: result: yes
configure:13705: checking whether the g++ linker (/usr/bin/ld -m elf_x86_64) supports shared libraries
configure:14778: result: yes
configure:14814: g++ -c -Wall -Wextra -std=c++0x -g -O3  conftest.cpp >&5
configure:14817: $? = 0
configure:15298: checking for g++ option to produce PIC
configure:15305: result: -fPIC -DPIC
configure:15313: checking if g++ PIC flag -fPIC -DPIC works
configure:15331: g++ -c -Wall -Wextra -std=c++0x -g -O3  -fPIC -DPIC -DPIC conftest.cpp >&5
configure:15335: $? = 0
configure:15348: result: yes
configure:15371: checking if g++ static flag -static works
configure:15399: result: yes
configure:15411: checking if g++ supports -c -o file.o
configure:15432: g++ -c -Wall -Wextra -std=c++0x -g -O3  -o out/conftest2.o conftest.cpp >&5
configure:15436: $? = 0
configure:15458: result: yes
configure:15463: checking if g++ supports -c -o file.o
configure:15510: result: yes
configure:15540: checking whether the g++ linker (/usr/bin/ld -m elf_x86_64) supports shared libraries
configure:15583: result: yes
configure:15724: checking dynamic linker characteristics
configure:16481: result: GNU/Linux ld.so
configure:16546: checking how to hardcode library paths into programs
configure:16571: result: immediate
configure:16638: checking whether byte ordering is bigendian
configure:16653: gcc -c -Wall -Wextra -g -O3  conftest.c >&5
conftest.c:24:9: error: unknown type name 'not'
   24 |         not a universal capable compiler
      |         ^~~
conftest.c:24:15: error: expected '=', ',', ';', 'asm' or '__attribute__' before 'universal'
   24 |         not a universal capable compiler
      |               ^~~~~~~~~
conftest.c:24:15: error: unknown type name 'universal'
configure:16653: $? = 1
configure: failed program was:
| /* confdefs.h */
| #define PACKAGE_NAME "cudd"
| #define PACKAGE_TARNAME "cudd"
| #define PACKAGE_VERSION "3.0.0"
| #define PACKAGE_STRING "cudd 3.0.0"
| #define PACKAGE_BUGREPORT "Fabio@Colorado.EDU"
| #define PACKAGE_URL ""
| #define PACKAGE "cudd"
| #define VERSION "3.0.0"
| #define STDC_HEADERS 1
| #define HAVE_SYS_TYPES_H 1
| #define HAVE_SYS_STAT_H 1
| #define HAVE_STDLIB_H 1
| #define HAVE_STRING_H 1
| #define HAVE_MEMORY_H 1
| #define HAVE_STRINGS_H 1
| #define HAVE_INTTYPES_H 1
| #define HAVE_STDINT_H 1
| #define HAVE_UNISTD_H 1
| #define HAVE_DLFCN_H 1
| #define LT_OBJDIR ".libs/"
| /* end confdefs.h.  */
| #ifndef __APPLE_CC__
| 	       not a universal capable compiler
| 	     #endif
| 	     typedef int dummy;
| 
configure:16698: gcc -c -Wall -Wextra -g -O3  conftest.c >&5
configure:16698: $? = 0
configure:16716: gcc -c -Wall -Wextra -g -O3  conftest.c >&5
conftest.c: In function 'main':
conftest.c:30:4: error: unknown type name 'not'; did you mean 'ino_t'?
   30 |    not big endian
      |    ^~~
      |    ino_t
conftest.c:30:12: error: expected '=', ',', ';', 'asm' or '__attribute__' before 'endian'
   30 |    not big endian
      |            ^~~~~~
configure:16716: $? = 1
configure: failed program was:
| /* confdefs.h */
| #define PACKAGE_NAME "cudd"
| #define PACKAGE_TARNAME "cudd"
| #define PACKAGE_VERSION "3.0.0"
| #define PACKAGE_STRING "cudd 3.0.0"
| #define PACKAGE_BUGREPORT "Fabio@Colorado.EDU"
| #define PACKAGE_URL ""
| #define PACKAGE "cudd"
| #define VERSION "3.0.0"
| #define STDC_HEADERS 1
| #define HAVE_SYS_TYPES_H 1
| #define HAVE_SYS_STAT_H 1
| #define HAVE_STDLIB_H 1
| #define HAVE_STRING_H 1
| #define HAVE_MEMORY_H 1
| #define HAVE_STRINGS_H 1
| #define HAVE_INTTYPES_H 1
| #define HAVE_STDINT_H 1
| #define HAVE_UNISTD_H 1
| #define HAVE_DLFCN_H 1
| #define LT_OBJDIR ".libs/"
| /* end confdefs.h.  */
| #include <sys/types.h>
| 		#include <sys/param.h>
| 
| int
| main ()
| {
| #if BYTE_ORDER != BIG_ENDIAN
| 		 not big endian
| 		#endif
| 
|   ;
|   return 0;
| }
configure:16844: result: no
configure:16876: checking for doxygen
configure:16892: found /usr/bin/doxygen
configure:16903: result: doxygen
configure:16935: checking for pdflatex
configure:16951: found /usr/bin/pdflatex
configure:16962: result: pdflatex
configure:16981: checking for makeindex
configure:16997: found /usr/bin/makeindex
configure:17008: result: makeindex
configure:17038: checking for library containing pow
configure:17069: gcc -o conftest -Wall -Wextra -g -O3   conftest.c  >&5
conftest.c:30:6: warning: conflicting types for built-in function 'pow'; expected 'double(double,  double)' [-Wbuiltin-declaration-mismatch]
   30 | char pow ();
      |      ^~~
conftest.c:1:1: note: 'pow' is declared in header '<math.h>'
    1 | /* confdefs.h */
/usr/bin/ld: /tmp/cc9ot4Xv.o: in function `main':
/home/winter/research/cudd-release/conftest.c:34: undefined reference to `pow'
collect2: error: ld returned 1 exit status
configure:17069: $? = 1
configure: failed program was:
| /* confdefs.h */
| #define PACKAGE_NAME "cudd"
| #define PACKAGE_TARNAME "cudd"
| #define PACKAGE_VERSION "3.0.0"
| #define PACKAGE_STRING "cudd 3.0.0"
| #define PACKAGE_BUGREPORT "Fabio@Colorado.EDU"
| #define PACKAGE_URL ""
| #define PACKAGE "cudd"
| #define VERSION "3.0.0"
| #define STDC_HEADERS 1
| #define HAVE_SYS_TYPES_H 1
| #define HAVE_SYS_STAT_H 1
| #define HAVE_STDLIB_H 1
| #define HAVE_STRING_H 1
| #define HAVE_MEMORY_H 1
| #define HAVE_STRINGS_H 1
| #define HAVE_INTTYPES_H 1
| #define HAVE_STDINT_H 1
| #define HAVE_UNISTD_H 1
| #define HAVE_DLFCN_H 1
| #define LT_OBJDIR ".libs/"
| /* end confdefs.h.  */
| 
| /* Override any GCC internal prototype to avoid an error.
|    Use char because int might match the return type of a GCC
|    builtin and then its argument prototype would still apply.  */
| #ifdef __cplusplus
| extern "C"
| #endif
| char pow ();
| int
| main ()
| {
| return pow ();
|   ;
|   return 0;
| }
configure:17069: gcc -o conftest -Wall -Wextra -g -O3   conftest.c -lm   >&5
conftest.c:30:6: warning: conflicting types for built-in function 'pow'; expected 'double(double,  double)' [-Wbuiltin-declaration-mismatch]
   30 | char pow ();
      |      ^~~
conftest.c:1:1: note: 'pow' is declared in header '<math.h>'
    1 | /* confdefs.h */
configure:17069: $? = 0
configure:17086: result: -lm
configure:17094: checking for pthread_create in -lpthread
configure:17119: gcc -o conftest -Wall -Wextra -g -O3   conftest.c -lpthread  -lm  >&5
configure:17119: $? = 0
configure:17128: result: yes
configure:17145: checking for library containing WSAStartup
configure:17176: gcc -o conftest -Wall -Wextra -g -O3   conftest.c -lm  >&5
/usr/bin/ld: /tmp/ccoC4p7i.o: in function `main':
/home/winter/research/cudd-release/conftest.c:34: undefined reference to `WSAStartup'
collect2: error: ld returned 1 exit status
configure:17176: $? = 1
configure: failed program was:
| /* confdefs.h */
| #define PACKAGE_NAME "cudd"
| #define PACKAGE_TARNAME "cudd"
| #define PACKAGE_VERSION "3.0.0"
| #define PACKAGE_STRING "cudd 3.0.0"
| #define PACKAGE_BUGREPORT "Fabio@Colorado.EDU"
| #define PACKAGE_URL ""
| #define PACKAGE "cudd"
| #define VERSION "3.0.0"
| #define STDC_HEADERS 1
| #define HAVE_SYS_TYPES_H 1
| #define HAVE_SYS_STAT_H 1
| #define HAVE_STDLIB_H 1
| #define HAVE_STRING_H 1
| #define HAVE_MEMORY_H 1
| #define HAVE_STRINGS_H 1
| #define HAVE_INTTYPES_H 1
| #define HAVE_STDINT_H 1
| #define HAVE_UNISTD_H 1
| #define HAVE_DLFCN_H 1
| #define LT_OBJDIR ".libs/"
| /* end confdefs.h.  */
| 
| /* Override any GCC internal prototype to avoid an error.
|    Use char because int might match the return type of a GCC
|    builtin and then its argument prototype would still apply.  */
| #ifdef __cplusplus
| extern "C"
| #endif
| char WSAStartup ();
| int
| main ()
| {
| return WSAStartup ();
|   ;
|   return 0;
| }
configure:17176: gcc -o conftest -Wall -Wextra -g -O3   conftest.c -lws2_32  -lm  >&5
/usr/bin/ld: cannot find -lws2_32
collect2: error: ld returned 1 exit status
configure:17176: $? = 1
configure: failed program was:
| /* confdefs.h */
| #define PACKAGE_NAME "cudd"
| #define PACKAGE_TARNAME "cudd"
| #define PACKAGE_VERSION "3.0.0"
| #define PACKAGE_STRING "cudd 3.0.0"
| #define PACKAGE_BUGREPORT "Fabio@Colorado.EDU"
| #define PACKAGE_URL ""
| #define PACKAGE "cudd"
| #define VERSION "3.0.0"
| #define STDC_HEADERS 1
| #define HAVE_SYS_TYPES_H 1
| #define HAVE_SYS_STAT_H 1
| #define HAVE_STDLIB_H 1
| #define HAVE_STRING_H 1
| #define HAVE_MEMORY_H 1
| #define HAVE_STRINGS_H 1
| #define HAVE_INTTYPES_H 1
| #define HAVE_STDINT_H 1
| #define HAVE_UNISTD_H 1
| #define HAVE_DLFCN_H 1
| #define LT_OBJDIR ".libs/"
| /* end confdefs.h.  */
| 
| /* Override any GCC internal prototype to avoid an error.
|    Use char because int might match the return type of a GCC
|    builtin and then its argument prototype would still apply.  */
| #ifdef __cplusplus
| extern "C"
| #endif
| char WSAStartup ();
| int
| main ()
| {
| return WSAStartup ();
|   ;
|   return 0;
| }
configure:17193: result: no
configure:17201: checking for library containing GetProcessMemoryInfo
configure:17232: gcc -o conftest -Wall -Wextra -g -O3   conftest.c -lm  >&5
/usr/bin/ld: /tmp/cc3l2xvo.o: in function `main':
/home/winter/research/cudd-release/conftest.c:34: undefined reference to `GetProcessMemoryInfo'
collect2: error: ld returned 1 exit status
configure:17232: $? = 1
configure: failed program was:
| /* confdefs.h */
| #define PACKAGE_NAME "cudd"
| #define PACKAGE_TARNAME "cudd"
| #define PACKAGE_VERSION "3.0.0"
| #define PACKAGE_STRING "cudd 3.0.0"
| #define PACKAGE_BUGREPORT "Fabio@Colorado.EDU"
| #define PACKAGE_URL ""
| #define PACKAGE "cudd"
| #define VERSION "3.0.0"
| #define STDC_HEADERS 1
| #define HAVE_SYS_TYPES_H 1
| #define HAVE_SYS_STAT_H 1
| #define HAVE_STDLIB_H 1
| #define HAVE_STRING_H 1
| #define HAVE_MEMORY_H 1
| #define HAVE_STRINGS_H 1
| #define HAVE_INTTYPES_H 1
| #define HAVE_STDINT_H 1
| #define HAVE_UNISTD_H 1
| #define HAVE_DLFCN_H 1
| #define LT_OBJDIR ".libs/"
| /* end confdefs.h.  */
| 
| /* Override any GCC internal prototype to avoid an error.
|    Use char because int might match the return type of a GCC
|    builtin and then its argument prototype would still apply.  */
| #ifdef __cplusplus
| extern "C"
| #endif
| char GetProcessMemoryInfo ();
| int
| main ()
| {
| return GetProcessMemoryInfo ();
|   ;
|   return 0;
| }
configure:17232: gcc -o conftest -Wall -Wextra -g -O3   conftest.c -lpsapi  -lm  >&5
/usr/bin/ld: cannot find -lpsapi
collect2: error: ld returned 1 exit status
configure:17232: $? = 1
configure: failed program was:
| /* confdefs.h */
| #define PACKAGE_NAME "cudd"
| #define PACKAGE_TARNAME "cudd"
| #define PACKAGE_VERSION "3.0.0"
| #define PACKAGE_STRING "cudd 3.0.0"
| #define PACKAGE_BUGREPORT "Fabio@Colorado.EDU"
| #define PACKAGE_URL ""
| #define PACKAGE "cudd"
| #define VERSION "3.0.0"
| #define STDC_HEADERS 1
| #define HAVE_SYS_TYPES_H 1
| #define HAVE_SYS_STAT_H 1
| #define HAVE_STDLIB_H 1
| #define HAVE_STRING_H 1
| #define HAVE_MEMORY_H 1
| #define HAVE_STRINGS_H 1
| #define HAVE_INTTYPES_H 1
| #define HAVE_STDINT_H 1
| #define HAVE_UNISTD_H 1
| #define HAVE_DLFCN_H 1
| #define LT_OBJDIR ".libs/"
| /* end confdefs.h.  */
| 
| /* Override any GCC internal prototype to avoid an error.
|    Use char because int might match the return type of a GCC
|    builtin and then its argument prototype would still apply.  */
| #ifdef __cplusplus
| extern "C"
| #endif
| char GetProcessMemoryInfo ();
| int
| main ()
| {
| return GetProcessMemoryInfo ();
|   ;
|   return 0;
| }
configure:17249: result: no
configure:17263: checking float.h usability
configure:17263: gcc -c -Wall -Wextra -g -O3  conftest.c >&5
configure:17263: $? = 0
configure:17263: result: yes
configure:17263: checking float.h presence
configure:17263: gcc -E  conftest.c
configure:17263: $? = 0
configure:17263: result: yes
configure:17263: checking for float.h
configure:17263: result: yes
configure:17263: checking for inttypes.h
configure:17263: result: yes
configure:17263: checking limits.h usability
configure:17263: gcc -c -Wall -Wextra -g -O3  conftest.c >&5
configure:17263: $? = 0
configure:17263: result: yes
configure:17263: checking limits.h presence
configure:17263: gcc -E  conftest.c
configure:17263: $? = 0
configure:17263: result: yes
configure:17263: checking for limits.h
configure:17263: result: yes
configure:17263: checking stddef.h usability
configure:17263: gcc -c -Wall -Wextra -g -O3  conftest.c >&5
configure:17263: $? = 0
configure:17263: result: yes
configure:17263: checking stddef.h presence
configure:17263: gcc -E  conftest.c
configure:17263: $? = 0
configure:17263: result: yes
configure:17263: checking for stddef.h
configure:17263: result: yes
configure:17263: checking for stdlib.h
configure:17263: result: yes
configure:17263: checking for string.h
configure:17263: result: yes
configure:17263: checking assert.h usability
configure:17263: gcc -c -Wall -Wextra -g -O3  conftest.c >&5
configure:17263: $? = 0
configure:17263: result: yes
configure:17263: checking assert.h presence
configure:17263: gcc -E  conftest.c
configure:17263: $? = 0
configure:17263: result: yes
configure:17263: checking for assert.h
configure:17263: result: yes
configure:17263: checking math.h usability
configure:17263: gcc -c -Wall -Wextra -g -O3  conftest.c >&5
configure:17263: $? = 0
configure:17263: result: yes
configure:17263: checking math.h presence
configure:17263: gcc -E  conftest.c
configure:17263: $? = 0
configure:17263: result: yes
configure:17263: checking for math.h
configure:17263: result: yes
configure:17282: checking for unistd.h
configure:17282: result: yes
configure:17282: checking sys/time.h usability
configure:17282: gcc -c -Wall -Wextra -g -O3  conftest.c >&5
configure:17282: $? = 0
configure:17282: result: yes
configure:17282: checking sys/time.h presence
configure:17282: gcc -E  conftest.c
configure:17282: $? = 0
configure:17282: result: yes
configure:17282: checking for sys/time.h
configure:17282: result: yes
configure:17282: checking sys/times.h usability
configure:17282: gcc -c -Wall -Wextra -g -O3  conftest.c >&5
configure:17282: $? = 0
configure:17282: result: yes
configure:17282: checking sys/times.h presence
configure:17282: gcc -E  conftest.c
configure:17282: $? = 0
configure:17282: result: yes
configure:17282: checking for sys/times.h
configure:17282: result: yes
configure:17282: checking sys/resource.h usability
configure:17282: gcc -c -Wall -Wextra -g -O3  conftest.c >&5
configure:17282: $? = 0
configure:17282: result: yes
configure:17282: checking sys/resource.h presence
configure:17282: gcc -E  conftest.c
configure:17282: $? = 0
configure:17282: result: yes
configure:17282: checking for sys/resource.h
configure:17282: result: yes
configure:17282: checking sys/wait.h usability
configure:17282: gcc -c -Wall -Wextra -g -O3  conftest.c >&5
configure:17282: $? = 0
configure:17282: result: yes
configure:17282: checking sys/wait.h presence
configure:17282: gcc -E  conftest.c
configure:17282: $? = 0
configure:17282: result: yes
configure:17282: checking for sys/wait.h
configure:17282: result: yes
configure:17293: checking for working C++ thread header
configure:17312: g++ -c -Wall -Wextra -std=c++0x -g -O3  conftest.cpp >&5
configure:17312: $? = 0
configure:17325: result: yes
configure:17336: checking for stdbool.h that conforms to C99
configure:17403: gcc -c -Wall -Wextra -g -O3  conftest.c >&5
conftest.c: In function 'main':
conftest.c:86:14: warning: the address of 's' will always evaluate as 'true' [-Waddress]
   86 |              bool e = &s;
      |              ^~~~
conftest.c:90:22: warning: the address of 'a' will always evaluate as 'true' [-Waddress]
   90 |              return (!a + !b + !c + !d + !e + !f + !g + !h + !i + !!j + !k + !!l
      |                      ^
conftest.c:90:27: warning: the address of 'b' will always evaluate as 'true' [-Waddress]
   90 |              return (!a + !b + !c + !d + !e + !f + !g + !h + !i + !!j + !k + !!l
      |                           ^
conftest.c:90:32: warning: the address of 'c' will always evaluate as 'true' [-Waddress]
   90 |              return (!a + !b + !c + !d + !e + !f + !g + !h + !i + !!j + !k + !!l
      |                                ^
conftest.c:90:37: warning: the address of 'd' will always evaluate as 'true' [-Waddress]
   90 |              return (!a + !b + !c + !d + !e + !f + !g + !h + !i + !!j + !k + !!l
      |                                     ^
conftest.c:90:47: warning: the address of 'f' will always evaluate as 'true' [-Waddress]
   90 |              return (!a + !b + !c + !d + !e + !f + !g + !h + !i + !!j + !k + !!l
      |                                               ^
conftest.c:90:52: warning: the address of 'g' will always evaluate as 'true' [-Waddress]
   90 |              return (!a + !b + !c + !d + !e + !f + !g + !h + !i + !!j + !k + !!l
      |                                                    ^
conftest.c:90:57: warning: the address of 'h' will always evaluate as 'true' [-Waddress]
   90 |              return (!a + !b + !c + !d + !e + !f + !g + !h + !i + !!j + !k + !!l
      |                                                         ^
conftest.c:90:62: warning: the address of 'i' will always evaluate as 'true' [-Waddress]
   90 |              return (!a + !b + !c + !d + !e + !f + !g + !h + !i + !!j + !k + !!l
      |                                                              ^
conftest.c:91:29: warning: the address of 'n' will always evaluate as 'true' [-Waddress]
   91 |                      + !m + !n + !o + !p + !q + !pq);
      |                             ^
conftest.c:91:34: warning: the address of 'o' will always evaluate as 'true' [-Waddress]
   91 |                      + !m + !n + !o + !p + !q + !pq);
      |                                  ^
conftest.c:91:39: warning: the address of 'p' will always evaluate as 'true' [-Waddress]
   91 |                      + !m + !n + !o + !p + !q + !pq);
      |                                       ^
configure:17403: $? = 0
configure:17410: result: yes
configure:17412: checking for _Bool
configure:17412: gcc -c -Wall -Wextra -g -O3  conftest.c >&5
configure:17412: $? = 0
configure:17412: gcc -c -Wall -Wextra -g -O3  conftest.c >&5
conftest.c: In function 'main':
conftest.c:73:20: error: expected expression before ')' token
   73 | if (sizeof ((_Bool)))
      |                    ^
configure:17412: $? = 1
configure: failed program was:
| /* confdefs.h */
| #define PACKAGE_NAME "cudd"
| #define PACKAGE_TARNAME "cudd"
| #define PACKAGE_VERSION "3.0.0"
| #define PACKAGE_STRING "cudd 3.0.0"
| #define PACKAGE_BUGREPORT "Fabio@Colorado.EDU"
| #define PACKAGE_URL ""
| #define PACKAGE "cudd"
| #define VERSION "3.0.0"
| #define STDC_HEADERS 1
| #define HAVE_SYS_TYPES_H 1
| #define HAVE_SYS_STAT_H 1
| #define HAVE_STDLIB_H 1
| #define HAVE_STRING_H 1
| #define HAVE_MEMORY_H 1
| #define HAVE_STRINGS_H 1
| #define HAVE_INTTYPES_H 1
| #define HAVE_STDINT_H 1
| #define HAVE_UNISTD_H 1
| #define HAVE_DLFCN_H 1
| #define LT_OBJDIR ".libs/"
| #define HAVE_FLOAT_H 1
| #define HAVE_INTTYPES_H 1
| #define HAVE_LIMITS_H 1
| #define HAVE_STDDEF_H 1
| #define HAVE_STDLIB_H 1
| #define HAVE_STRING_H 1
| #define HAVE_ASSERT_H 1
| #define HAVE_MATH_H 1
| #define HAVE_UNISTD_H 1
| #define HAVE_SYS_TIME_H 1
| #define HAVE_SYS_TIMES_H 1
| #define HAVE_SYS_RESOURCE_H 1
| #define HAVE_SYS_WAIT_H 1
| #define HAVE_WORKING_THREAD 1
| /* end confdefs.h.  */
| #include <stdio.h>
| #ifdef HAVE_SYS_TYPES_H
| # include <sys/types.h>
| #endif
| #ifdef HAVE_SYS_STAT_H
| # include <sys/stat.h>
| #endif
| #ifdef STDC_HEADERS
| # include <stdlib.h>
| # include <stddef.h>
| #else
| # ifdef HAVE_STDLIB_H
| #  include <stdlib.h>
| # endif
| #endif
| #ifdef HAVE_STRING_H
| # if !defined STDC_HEADERS && defined HAVE_MEMORY_H
| #  include <memory.h>
| # endif
| # include <string.h>
| #endif
| #ifdef HAVE_STRINGS_H
| # include <strings.h>
| #endif
| #ifdef HAVE_INTTYPES_H
| # include <inttypes.h>
| #endif
| #ifdef HAVE_STDINT_H
| # include <stdint.h>
| #endif
| #ifdef HAVE_UNISTD_H
| # include <unistd.h>
| #endif
| int
| main ()
| {
| if (sizeof ((_Bool)))
| 	    return 0;
|   ;
|   return 0;
| }
configure:17412: result: yes
configure:17423: checking for inline
configure:17439: gcc -c -Wall -Wextra -g -O3  conftest.c >&5
configure:17439: $? = 0
configure:17447: result: inline
configure:17465: checking for size_t
configure:17465: gcc -c -Wall -Wextra -g -O3  conftest.c >&5
configure:17465: $? = 0
configure:17465: gcc -c -Wall -Wextra -g -O3  conftest.c >&5
conftest.c: In function 'main':
conftest.c:74:21: error: expected expression before ')' token
   74 | if (sizeof ((size_t)))
      |                     ^
configure:17465: $? = 1
configure: failed program was:
| /* confdefs.h */
| #define PACKAGE_NAME "cudd"
| #define PACKAGE_TARNAME "cudd"
| #define PACKAGE_VERSION "3.0.0"
| #define PACKAGE_STRING "cudd 3.0.0"
| #define PACKAGE_BUGREPORT "Fabio@Colorado.EDU"
| #define PACKAGE_URL ""
| #define PACKAGE "cudd"
| #define VERSION "3.0.0"
| #define STDC_HEADERS 1
| #define HAVE_SYS_TYPES_H 1
| #define HAVE_SYS_STAT_H 1
| #define HAVE_STDLIB_H 1
| #define HAVE_STRING_H 1
| #define HAVE_MEMORY_H 1
| #define HAVE_STRINGS_H 1
| #define HAVE_INTTYPES_H 1
| #define HAVE_STDINT_H 1
| #define HAVE_UNISTD_H 1
| #define HAVE_DLFCN_H 1
| #define LT_OBJDIR ".libs/"
| #define HAVE_FLOAT_H 1
| #define HAVE_INTTYPES_H 1
| #define HAVE_LIMITS_H 1
| #define HAVE_STDDEF_H 1
| #define HAVE_STDLIB_H 1
| #define HAVE_STRING_H 1
| #define HAVE_ASSERT_H 1
| #define HAVE_MATH_H 1
| #define HAVE_UNISTD_H 1
| #define HAVE_SYS_TIME_H 1
| #define HAVE_SYS_TIMES_H 1
| #define HAVE_SYS_RESOURCE_H 1
| #define HAVE_SYS_WAIT_H 1
| #define HAVE_WORKING_THREAD 1
| #define HAVE__BOOL 1
| /* end confdefs.h.  */
| #include <stdio.h>
| #ifdef HAVE_SYS_TYPES_H
| # include <sys/types.h>
| #endif
| #ifdef HAVE_SYS_STAT_H
| # include <sys/stat.h>
| #endif
| #ifdef STDC_HEADERS
| # include <stdlib.h>
| # include <stddef.h>
| #else
| # ifdef HAVE_STDLIB_H
| #  include <stdlib.h>
| # endif
| #endif
| #ifdef HAVE_STRING_H
| # if !defined STDC_HEADERS && defined HAVE_MEMORY_H
| #  include <memory.h>
| # endif
| # include <string.h>
| #endif
| #ifdef HAVE_STRINGS_H
| # include <strings.h>
| #endif
| #ifdef HAVE_INTTYPES_H
| # include <inttypes.h>
| #endif
| #ifdef HAVE_STDINT_H
| # include <stdint.h>
| #endif
| #ifdef HAVE_UNISTD_H
| # include <unistd.h>
| #endif
| int
| main ()
| {
| if (sizeof ((size_t)))
| 	    return 0;
|   ;
|   return 0;
| }
configure:17465: result: yes
configure:17476: checking for uint16_t
configure:17476: gcc -c -Wall -Wextra -g -O3  conftest.c >&5
configure:17476: $? = 0
configure:17476: result: yes
configure:17488: checking for uint32_t
configure:17488: gcc -c -Wall -Wextra -g -O3  conftest.c >&5
configure:17488: $? = 0
configure:17488: result: yes
configure:17502: checking for ptrdiff_t
configure:17502: gcc -c -Wall -Wextra -g -O3  conftest.c >&5
configure:17502: $? = 0
configure:17502: gcc -c -Wall -Wextra -g -O3  conftest.c >&5
conftest.c: In function 'main':
conftest.c:74:24: error: expected expression before ')' token
   74 | if (sizeof ((ptrdiff_t)))
      |                        ^
configure:17502: $? = 1
configure: failed program was:
| /* confdefs.h */
| #define PACKAGE_NAME "cudd"
| #define PACKAGE_TARNAME "cudd"
| #define PACKAGE_VERSION "3.0.0"
| #define PACKAGE_STRING "cudd 3.0.0"
| #define PACKAGE_BUGREPORT "Fabio@Colorado.EDU"
| #define PACKAGE_URL ""
| #define PACKAGE "cudd"
| #define VERSION "3.0.0"
| #define STDC_HEADERS 1
| #define HAVE_SYS_TYPES_H 1
| #define HAVE_SYS_STAT_H 1
| #define HAVE_STDLIB_H 1
| #define HAVE_STRING_H 1
| #define HAVE_MEMORY_H 1
| #define HAVE_STRINGS_H 1
| #define HAVE_INTTYPES_H 1
| #define HAVE_STDINT_H 1
| #define HAVE_UNISTD_H 1
| #define HAVE_DLFCN_H 1
| #define LT_OBJDIR ".libs/"
| #define HAVE_FLOAT_H 1
| #define HAVE_INTTYPES_H 1
| #define HAVE_LIMITS_H 1
| #define HAVE_STDDEF_H 1
| #define HAVE_STDLIB_H 1
| #define HAVE_STRING_H 1
| #define HAVE_ASSERT_H 1
| #define HAVE_MATH_H 1
| #define HAVE_UNISTD_H 1
| #define HAVE_SYS_TIME_H 1
| #define HAVE_SYS_TIMES_H 1
| #define HAVE_SYS_RESOURCE_H 1
| #define HAVE_SYS_WAIT_H 1
| #define HAVE_WORKING_THREAD 1
| #define HAVE__BOOL 1
| /* end confdefs.h.  */
| #include <stdio.h>
| #ifdef HAVE_SYS_TYPES_H
| # include <sys/types.h>
| #endif
| #ifdef HAVE_SYS_STAT_H
| # include <sys/stat.h>
| #endif
| #ifdef STDC_HEADERS
| # include <stdlib.h>
| # include <stddef.h>
| #else
| # ifdef HAVE_STDLIB_H
| #  include <stdlib.h>
| # endif
| #endif
| #ifdef HAVE_STRING_H
| # if !defined STDC_HEADERS && defined HAVE_MEMORY_H
| #  include <memory.h>
| # endif
| # include <string.h>
| #endif
| #ifdef HAVE_STRINGS_H
| # include <strings.h>
| #endif
| #ifdef HAVE_INTTYPES_H
| # include <inttypes.h>
| #endif
| #ifdef HAVE_STDINT_H
| # include <stdint.h>
| #endif
| #ifdef HAVE_UNISTD_H
| # include <unistd.h>
| #endif
| int
| main ()
| {
| if (sizeof ((ptrdiff_t)))
| 	    return 0;
|   ;
|   return 0;
| }
configure:17502: result: yes
configure:17516: checking size of int
configure:17521: gcc -o conftest -Wall -Wextra -g -O3   conftest.c -lm  >&5
configure:17521: $? = 0
configure:17521: ./conftest
configure:17521: $? = 0
configure:17535: result: 4
configure:17549: checking size of long
configure:17554: gcc -o conftest -Wall -Wextra -g -O3   conftest.c -lm  >&5
configure:17554: $? = 0
configure:17554: ./conftest
configure:17554: $? = 0
configure:17568: result: 8
configure:17582: checking size of void *
configure:17587: gcc -o conftest -Wall -Wextra -g -O3   conftest.c -lm  >&5
configure:17587: $? = 0
configure:17587: ./conftest
configure:17587: $? = 0
configure:17601: result: 8
configure:17615: checking size of long double
configure:17620: gcc -o conftest -Wall -Wextra -g -O3   conftest.c -lm  >&5
configure:17620: $? = 0
configure:17620: ./conftest
configure:17620: $? = 0
configure:17634: result: 16
configure:17644: checking whether we are building for a Win32 host
configure:17656: gcc -c -Wall -Wextra -g -O3  conftest.c >&5
configure:17656: $? = 0
configure:17663: result: no
configure:17678: checking whether enough of C++11 is supported
configure:17697: g++ -c -Wall -Wextra -std=c++0x -g -O3  conftest.cpp >&5
conftest.cpp: In function 'int main()':
conftest.cpp:46:9: warning: unused variable 'p' [-Wunused-variable]
   46 |   void *p = nullptr;
      |         ^
configure:17697: $? = 0
configure:17710: result: yes
configure:17723: checking for pow
configure:17723: gcc -o conftest -Wall -Wextra -g -O3   conftest.c -lm  >&5
conftest.c:67:6: warning: conflicting types for built-in function 'pow'; expected 'double(double,  double)' [-Wbuiltin-declaration-mismatch]
   67 | char pow ();
      |      ^~~
conftest.c:55:1: note: 'pow' is declared in header '<math.h>'
   54 | # include <limits.h>
   55 | #else
configure:17723: $? = 0
configure:17723: result: yes
configure:17723: checking for sqrt
configure:17723: gcc -o conftest -Wall -Wextra -g -O3   conftest.c -lm  >&5
conftest.c:68:6: warning: conflicting types for built-in function 'sqrt'; expected 'double(double)' [-Wbuiltin-declaration-mismatch]
   68 | char sqrt ();
      |      ^~~~
conftest.c:56:1: note: 'sqrt' is declared in header '<math.h>'
   55 | # include <limits.h>
   56 | #else
configure:17723: $? = 0
configure:17723: result: yes
configure:17723: checking for strchr
configure:17723: gcc -o conftest -Wall -Wextra -g -O3   conftest.c -lm  >&5
conftest.c:69:6: warning: conflicting types for built-in function 'strchr'; expected 'char *(const char *, int)' [-Wbuiltin-declaration-mismatch]
   69 | char strchr ();
      |      ^~~~~~
conftest.c:57:1: note: 'strchr' is declared in header '<string.h>'
   56 | # include <limits.h>
   57 | #else
configure:17723: $? = 0
configure:17723: result: yes
configure:17723: checking for strstr
configure:17723: gcc -o conftest -Wall -Wextra -g -O3   conftest.c -lm  >&5
conftest.c:70:6: warning: conflicting types for built-in function 'strstr'; expected 'char *(const char *, const char *)' [-Wbuiltin-declaration-mismatch]
   70 | char strstr ();
      |      ^~~~~~
conftest.c:58:1: note: 'strstr' is declared in header '<string.h>'
   57 | # include <limits.h>
   58 | #else
configure:17723: $? = 0
configure:17723: result: yes
configure:17741: checking for powl
configure:17741: gcc -o conftest -Wall -Wextra -g -O3   conftest.c -lm  >&5
conftest.c:71:6: warning: conflicting types for built-in function 'powl'; expected 'long double(long double,  long double)' [-Wbuiltin-declaration-mismatch]
   71 | char powl ();
      |      ^~~~
conftest.c:59:1: note: 'powl' is declared in header '<math.h>'
   58 | # include <limits.h>
   59 | #else
configure:17741: $? = 0
configure:17741: result: yes
configure:17741: checking for gethostname
configure:17741: gcc -o conftest -Wall -Wextra -g -O3   conftest.c -lm  >&5
configure:17741: $? = 0
configure:17741: result: yes
configure:17741: checking for getrlimit
configure:17741: gcc -o conftest -Wall -Wextra -g -O3   conftest.c -lm  >&5
configure:17741: $? = 0
configure:17741: result: yes
configure:17741: checking for getrusage
configure:17741: gcc -o conftest -Wall -Wextra -g -O3   conftest.c -lm  >&5
configure:17741: $? = 0
configure:17741: result: yes
configure:17741: checking for sysconf
configure:17741: gcc -o conftest -Wall -Wextra -g -O3   conftest.c -lm  >&5
configure:17741: $? = 0
configure:17741: result: yes
configure:17753: checking for +Infinity (IEEE 754 floating point)
configure:17772: gcc -o conftest -Wall -Wextra -g -O3   conftest.c -lm  >&5
conftest.c:55:1: warning: return type defaults to 'int' [-Wimplicit-int]
   55 | main(void)
      | ^~~~
configure:17772: $? = 0
configure:17772: ./conftest
configure:17772: $? = 0
configure:17803: result: yes
configure:17932: checking that generated files are newer than configure
configure:17938: result: done
configure:17994: creating ./config.status

## ---------------------- ##
## Running config.status. ##
## ---------------------- ##

This file was extended by cudd config.status 3.0.0, which was
generated by GNU Autoconf 2.69.  Invocation command line was

  CONFIG_FILES    = 
  CONFIG_HEADERS  = 
  CONFIG_LINKS    = 
  CONFIG_COMMANDS = 
  $ ./config.status 

on DESKTOP-AR2QOR0

config.status:1206: creating Doxyfile
config.status:1206: creating doc/cudd.tex
config.status:1206: creating Makefile
config.status:1206: creating dddmp/exp/test1.sh
config.status:1206: creating dddmp/exp/test2.sh
config.status:1206: creating dddmp/exp/test3.sh
config.status:1206: creating dddmp/exp/test4.sh
config.status:1206: creating dddmp/exp/test5.sh
config.status:1206: creating dddmp/exp/test6.sh
config.status:1206: creating dddmp/exp/test7.sh
config.status:1206: creating config.h
config.status:1387: config.h is unchanged
config.status:1435: executing depfiles commands
config.status:1512: cd .       && sed -e '/# am--include-marker/d' Makefile         | make -f - am--depfiles
make: Nothing to be done for 'am--depfiles'.
config.status:1517: $? = 0
config.status:1435: executing libtool commands

## ---------------- ##
## Cache variables. ##
## ---------------- ##

ac_cv_build=x86_64-pc-linux-gnu
ac_cv_c_bigendian=no
ac_cv_c_compiler_gnu=yes
ac_cv_c_inline=inline
ac_cv_c_uint16_t=yes
ac_cv_c_uint32_t=yes
ac_cv_cxx_compiler_gnu=yes
ac_cv_env_CCC_set=
ac_cv_env_CCC_value=
ac_cv_env_CC_set=
ac_cv_env_CC_value=
ac_cv_env_CFLAGS_set=
ac_cv_env_CFLAGS_value=
ac_cv_env_CPPFLAGS_set=
ac_cv_env_CPPFLAGS_value=
ac_cv_env_CPP_set=
ac_cv_env_CPP_value=
ac_cv_env_CXXCPP_set=
ac_cv_env_CXXCPP_value=
ac_cv_env_CXXFLAGS_set=
ac_cv_env_CXXFLAGS_value=
ac_cv_env_CXX_set=
ac_cv_env_CXX_value=
ac_cv_env_LDFLAGS_set=
ac_cv_env_LDFLAGS_value=
ac_cv_env_LIBS_set=
ac_cv_env_LIBS_value=
ac_cv_env_LT_SYS_LIBRARY_PATH_set=
ac_cv_env_LT_SYS_LIBRARY_PATH_value=
ac_cv_env_build_alias_set=
ac_cv_env_build_alias_value=
ac_cv_env_host_alias_set=
ac_cv_env_host_alias_value=
ac_cv_env_target_alias_set=
ac_cv_env_target_alias_value=
ac_cv_func_gethostname=yes
ac_cv_func_getrlimit=yes
ac_cv_func_getrusage=yes
ac_cv_func_pow=yes
ac_cv_func_powl=yes
ac_cv_func_sqrt=yes
ac_cv_func_strchr=yes
ac_cv_func_strstr=yes
ac_cv_func_sysconf=yes
ac_cv_have_ieee_754=yes
ac_cv_have_modern_cxx=yes
ac_cv_header_assert_h=yes
ac_cv_header_dlfcn_h=yes
ac_cv_header_float_h=yes
ac_cv_header_inttypes_h=yes
ac_cv_header_limits_h=yes
ac_cv_header_math_h=yes
ac_cv_header_memory_h=yes
ac_cv_header_stdbool_h=yes
ac_cv_header_stdc=yes
ac_cv_header_stddef_h=yes
ac_cv_header_stdint_h=yes
ac_cv_header_stdlib_h=yes
ac_cv_header_string_h=yes
ac_cv_header_strings_h=yes
ac_cv_header_sys_resource_h=yes
ac_cv_header_sys_stat_h=yes
ac_cv_header_sys_time_h=yes
ac_cv_header_sys_times_h=yes
ac_cv_header_sys_types_h=yes
ac_cv_header_sys_wait_h=yes
ac_cv_header_unistd_h=yes
ac_cv_host=x86_64-pc-linux-gnu
ac_cv_lib_pthread_pthread_create=yes
ac_cv_objext=o
ac_cv_path_EGREP='/bin/grep -E'
ac_cv_path_FGREP='/bin/grep -F'
ac_cv_path_GREP=/bin/grep
ac_cv_path_SED=/bin/sed
ac_cv_path_install='/usr/bin/install -c'
ac_cv_path_lt_DD=/bin/dd
ac_cv_path_mkdir=/bin/mkdir
ac_cv_prog_AWK=mawk
ac_cv_prog_CPP='gcc -E'
ac_cv_prog_CXXCPP='g++ -E'
ac_cv_prog_DOXYGEN=doxygen
ac_cv_prog_MAKEINDEX=makeindex
ac_cv_prog_PDFLATEX=pdflatex
ac_cv_prog_ac_ct_AR=ar
ac_cv_prog_ac_ct_CC=gcc
ac_cv_prog_ac_ct_CXX=g++
ac_cv_prog_ac_ct_MANIFEST_TOOL=mt
ac_cv_prog_ac_ct_OBJDUMP=objdump
ac_cv_prog_ac_ct_RANLIB=ranlib
ac_cv_prog_ac_ct_STRIP=strip
ac_cv_prog_cc_c89=
ac_cv_prog_cc_g=yes
ac_cv_prog_cxx_g=yes
ac_cv_prog_make_make_set=yes
ac_cv_search_GetProcessMemoryInfo=no
ac_cv_search_WSAStartup=no
ac_cv_search_pow=-lm
ac_cv_sizeof_int=4
ac_cv_sizeof_long=8
ac_cv_sizeof_long_double=16
ac_cv_sizeof_void_p=8
ac_cv_type__Bool=yes
ac_cv_type_ptrdiff_t=yes
ac_cv_type_size_t=yes
am_cv_CC_dependencies_compiler_type=gcc3
am_cv_CXX_dependencies_compiler_type=gcc3
am_cv_ar_interface=ar
am_cv_make_support_nested_variables=yes
am_cv_prog_cc_c_o=yes
lt_cv_ar_at_file=@
lt_cv_archive_cmds_need_lc=no
lt_cv_deplibs_check_method=pass_all
lt_cv_file_magic_cmd='$MAGIC_CMD'
lt_cv_file_magic_test_file=
lt_cv_ld_reload_flag=-r
lt_cv_nm_interface='BSD nm'
lt_cv_objdir=.libs
lt_cv_path_LD=/usr/bin/ld
lt_cv_path_LDCXX='/usr/bin/ld -m elf_x86_64'
lt_cv_path_NM='/usr/bin/nm -B'
lt_cv_path_mainfest_tool=no
lt_cv_prog_compiler_c_o=yes
lt_cv_prog_compiler_c_o_CXX=yes
lt_cv_prog_compiler_pic='-fPIC -DPIC'
lt_cv_prog_compiler_pic_CXX='-fPIC -DPIC'
lt_cv_prog_compiler_pic_works=yes
lt_cv_prog_compiler_pic_works_CXX=yes
lt_cv_prog_compiler_rtti_exceptions=no
lt_cv_prog_compiler_static_works=yes
lt_cv_prog_compiler_static_works_CXX=yes
lt_cv_prog_gnu_ld=yes
lt_cv_prog_gnu_ldcxx=yes
lt_cv_sharedlib_from_linklib_cmd='printf %s\n'
lt_cv_shlibpath_overrides_runpath=yes
lt_cv_sys_global_symbol_pipe='sed -n -e '\''s/^.*[	 ]\([ABCDGIRSTW][ABCDGIRSTW]*\)[	 ][	 ]*\([_A-Za-z][_A-Za-z0-9]*\)$/\1 \2 \2/p'\'' | sed '\''/ __gnu_lto/d'\'''
lt_cv_sys_global_symbol_to_c_name_address='sed -n -e '\''s/^: \(.*\) .*$/  {"\1", (void *) 0},/p'\'' -e '\''s/^[ABCDGIRSTW][ABCDGIRSTW]* .* \(.*\)$/  {"\1", (void *) \&\1},/p'\'''
lt_cv_sys_global_symbol_to_c_name_address_lib_prefix='sed -n -e '\''s/^: \(.*\) .*$/  {"\1", (void *) 0},/p'\'' -e '\''s/^[ABCDGIRSTW][ABCDGIRSTW]* .* \(lib.*\)$/  {"\1", (void *) \&\1},/p'\'' -e '\''s/^[ABCDGIRSTW][ABCDGIRSTW]* .* \(.*\)$/  {"lib\1", (void *) \&\1},/p'\'''
lt_cv_sys_global_symbol_to_cdecl='sed -n -e '\''s/^T .* \(.*\)$/extern int \1();/p'\'' -e '\''s/^[ABCDGIRSTW][ABCDGIRSTW]* .* \(.*\)$/extern char \1;/p'\'''
lt_cv_sys_global_symbol_to_import=
lt_cv_sys_max_cmd_len=1572864
lt_cv_to_host_file_cmd=func_convert_file_noop
lt_cv_to_tool_file_cmd=func_convert_file_noop
lt_cv_truncate_bin='/bin/dd bs=4096 count=1'
mingw_cv_win32_host=no

## ----------------- ##
## Output variables. ##
## ----------------- ##

ACLOCAL='${SHELL} '\''/home/winter/research/cudd-release/build-aux/missing'\'' aclocal-1.16'
AMDEPBACKSLASH='\'
AMDEP_FALSE='#'
AMDEP_TRUE=''
AMTAR='$${TAR-tar}'
AM_BACKSLASH='\'
AM_DEFAULT_V='$(AM_DEFAULT_VERBOSITY)'
AM_DEFAULT_VERBOSITY='0'
AM_V='$(V)'
AR='ar'
AS='as'
AUTOCONF='${SHELL} '\''/home/winter/research/cudd-release/build-aux/missing'\'' autoconf'
AUTOHEADER='${SHELL} '\''/home/winter/research/cudd-release/build-aux/missing'\'' autoheader'
AUTOMAKE='${SHELL} '\''/home/winter/research/cudd-release/build-aux/missing'\'' automake-1.16'
AWK='mawk'
CC='gcc'
CCDEPMODE='depmode=gcc3'
CFLAGS='-Wall -Wextra -g -O3'
CPP='gcc -E'
CPPFLAGS=''
CROSS_COMPILING_FALSE=''
CROSS_COMPILING_TRUE='#'
CXX='g++'
CXXCPP='g++ -E'
CXXDEPMODE='depmode=gcc3'
CXXFLAGS='-Wall -Wextra -std=c++0x -g -O3'
CYGPATH_W='echo'
DDDMP_FALSE='#'
DDDMP_TRUE=''
DEFS='-DHAVE_CONFIG_H'
DEPDIR='.deps'
DLLTOOL='false'
DOXYGEN='doxygen'
DSYMUTIL=''
DUMPBIN=''
ECHO_C=''
ECHO_N='-n'
ECHO_T=''
EGREP='/bin/grep -E'
EXEEXT=''
FGREP='/bin/grep -F'
GREP='/bin/grep'
HAVE_DOXYGEN_FALSE='#'
HAVE_DOXYGEN_TRUE=''
HAVE_PDFLATEX_FALSE='#'
HAVE_PDFLATEX_TRUE=''
HAVE_PTHREADS_FALSE='#'
HAVE_PTHREADS_TRUE=''
INSTALL_DATA='${INSTALL} -m 644'
INSTALL_PROGRAM='${INSTALL}'
INSTALL_SCRIPT='${INSTALL}'
INSTALL_STRIP_PROGRAM='$(install_sh) -c -s'
LD='/usr/bin/ld -m elf_x86_64'
LDFLAGS=''
LIBOBJS=''
LIBS='-lm '
LIBTOOL='$(SHELL) $(top_builddir)/libtool'
LIPO=''
LN_S='ln -s'
LTLIBOBJS=''
LT_SYS_LIBRARY_PATH=''
MAKEINDEX='makeindex'
MAKEINFO='${SHELL} '\''/home/winter/research/cudd-release/build-aux/missing'\'' makeinfo'
MANIFEST_TOOL=':'
MINGW64_FALSE=''
MINGW64_TRUE='#'
MKDIR_P='/bin/mkdir -p'
NM='/usr/bin/nm -B'
NMEDIT=''
OBJDUMP='objdump'
OBJEXT='o'
OBJ_FALSE='#'
OBJ_TRUE=''
OTOOL64=''
OTOOL=''
PACKAGE='cudd'
PACKAGE_BUGREPORT='Fabio@Colorado.EDU'
PACKAGE_NAME='cudd'
PACKAGE_STRING='cudd 3.0.0'
PACKAGE_TARNAME='cudd'
PACKAGE_URL=''
PACKAGE_VERSION='3.0.0'
PATH_SEPARATOR=':'
PDFLATEX='pdflatex'
RANLIB='ranlib'
SED='/bin/sed'
SET_MAKE=''
SHELL='/bin/bash'
STRIP='strip'
VERSION='3.0.0'
ac_ct_AR='ar'
ac_ct_CC='gcc'
ac_ct_CXX='g++'
ac_ct_DUMPBIN=''
am__EXEEXT_FALSE=''
am__EXEEXT_TRUE='#'
am__fastdepCC_FALSE='#'
am__fastdepCC_TRUE=''
am__fastdepCXX_FALSE='#'
am__fastdepCXX_TRUE=''
am__include='include'
am__isrc=''
am__leading_dot='.'
am__nodep='_no'
am__quote=''
am__tar='$${TAR-tar} chof - "$$tardir"'
am__untar='$${TAR-tar} xf -'
bindir='${exec_prefix}/bin'
build='x86_64-pc-linux-gnu'
build_alias=''
build_cpu='x86_64'
build_os='linux-gnu'
build_vendor='pc'
datadir='${datarootdir}'
datarootdir='${prefix}/share'
docdir='${datarootdir}/doc/${PACKAGE_TARNAME}'
dvidir='${docdir}'
exec_prefix='${prefix}'
host='x86_64-pc-linux-gnu'
host_alias=''
host_cpu='x86_64'
host_os='linux-gnu'
host_vendor='pc'
htmldir='${docdir}'
includedir='${prefix}/include'
infodir='${datarootdir}/info'
install_sh='${SHELL} /home/winter/research/cudd-release/build-aux/install-sh'
libdir='${exec_prefix}/lib'
libexecdir='${exec_prefix}/libexec'
localedir='${datarootdir}/locale'
localstatedir='${prefix}/var'
mandir='${datarootdir}/man'
mkdir_p='$(MKDIR_P)'
oldincludedir='/usr/include'
pdfdir='${docdir}'
prefix='/usr/local'
program_transform_name='s,x,x,'
psdir='${docdir}'
runstatedir='${localstatedir}/run'
sbindir='${exec_prefix}/sbin'
sharedstatedir='${prefix}/com'
sysconfdir='${prefix}/etc'
target_alias=''

## ----------- ##
## confdefs.h. ##
## ----------- ##

/* confdefs.h */
#define PACKAGE_NAME "cudd"
#define PACKAGE_TARNAME "cudd"
#define PACKAGE_VERSION "3.0.0"
#define PACKAGE_STRING "cudd 3.0.0"
#define PACKAGE_BUGREPORT "Fabio@Colorado.EDU"
#define PACKAGE_URL ""
#define PACKAGE "cudd"
#define VERSION "3.0.0"
#define STDC_HEADERS 1
#define HAVE_SYS_TYPES_H 1
#define HAVE_SYS_STAT_H 1
#define HAVE_STDLIB_H 1
#define HAVE_STRING_H 1
#define HAVE_MEMORY_H 1
#define HAVE_STRINGS_H 1
#define HAVE_INTTYPES_H 1
#define HAVE_STDINT_H 1
#define HAVE_UNISTD_H 1
#define HAVE_DLFCN_H 1
#define LT_OBJDIR ".libs/"
#define HAVE_FLOAT_H 1
#define HAVE_INTTYPES_H 1
#define HAVE_LIMITS_H 1
#define HAVE_STDDEF_H 1
#define HAVE_STDLIB_H 1
#define HAVE_STRING_H 1
#define HAVE_ASSERT_H 1
#define HAVE_MATH_H 1
#define HAVE_UNISTD_H 1
#define HAVE_SYS_TIME_H 1
#define HAVE_SYS_TIMES_H 1
#define HAVE_SYS_RESOURCE_H 1
#define HAVE_SYS_WAIT_H 1
#define HAVE_WORKING_THREAD 1
#define HAVE__BOOL 1
#define HAVE_PTRDIFF_T 1
#define SIZEOF_INT 4
#define SIZEOF_LONG 8
#define SIZEOF_VOID_P 8
#define SIZEOF_LONG_DOUBLE 16
#define HAVE_MODERN_CXX 1
#define HAVE_POW 1
#define HAVE_SQRT 1
#define HAVE_STRCHR 1
#define HAVE_STRSTR 1
#define HAVE_POWL 1
#define HAVE_GETHOSTNAME 1
#define HAVE_GETRLIMIT 1
#define HAVE_GETRUSAGE 1
#define HAVE_SYSCONF 1
#define HAVE_IEEE_754 1

configure: exit 0
